<?xml version="1.0" encoding="UTF-8"?>
<!-- Generated by org.testng.reporters.JUnitXMLReporter -->
<testsuite ignored="1" hostname="DELL" failures="1" tests="2" name="Default test(failed)" time="0.1" errors="0" timestamp="2025-12-14T11:29:20 IST">
  <testcase classname="demo.TestNG_RetryFailed_Demo" name="test3" time="0.022">
    <failure type="java.lang.AssertionError" message="expected [true] but found [false]">
      <![CDATA[java.lang.AssertionError: expected [true] but found [false]
at demo.TestNG_RetryFailed_Demo.test3(TestNG_RetryFailed_Demo.java:24)
at java.base/java.util.ArrayList.forEach(ArrayList.java:1541)
... Removed 31 stack frames]]>
    </failure>
  </testcase> <!-- test3 -->
  <testcase classname="demo.TestNG_RetryFailed_Demo" name="test2" time="0.002"/>
  <testcase classname="demo.TestNG_RetryFailed_Demo" name="test1" time="0.0">
    <ignored/>
  </testcase> <!-- test1 -->
</testsuite> <!-- Default test(failed) -->
