<?xml version="1.0" encoding="UTF-8"?>
<!-- Generated by org.testng.reporters.JUnitXMLReporter -->
<testsuite ignored="0" hostname="DELL" failures="1" tests="1" name="Test" time="0.044" errors="0" timestamp="2025-12-11T21:09:12 IST">
  <testcase classname="demo.TestNG_Parameter_Demo" name="test" time="0.0">
    <failure type="org.testng.TestNGException" message="
Parameter &amp;apos;My name&amp;apos; is required by @Test on method test but has not been marked @Optional or defined
in C:\Users\vimal\eclipse-workspace\SeleniumFramework\testng_paramter.xml">
      <![CDATA[org.testng.TestNGException: 
Parameter 'My name' is required by @Test on method test but has not been marked @Optional or defined
in C:\Users\vimal\eclipse-workspace\SeleniumFramework\testng_paramter.xml
at java.base/java.util.ArrayList.forEach(ArrayList.java:1541)
... Removed 26 stack frames]]>
    </failure>
  </testcase> <!-- test -->
</testsuite> <!-- Test -->
