<?xml version="1.0" encoding="UTF-8"?>
<!-- Generated by org.testng.reporters.JUnitXMLReporter -->
<testsuite ignored="0" hostname="DELL" failures="0" tests="4" name="Test1" time="0.113" errors="0" timestamp="2025-12-11T19:22:19 IST">
  <testcase classname="demo.TestNG_Group_Demo" name="test1" time="0.01"/>
  <testcase classname="demo.TestNG_Group_Demo" name="test2" time="0.002"/>
  <testcase classname="demo.TestNG_Group_Demo" name="test3" time="0.001"/>
  <testcase classname="demo.TestNG_Group_Demo" name="test4" time="0.002"/>
</testsuite> <!-- Test1 -->
