<?xml version="1.0" encoding="UTF-8"?>
<testng-results ignored="0" total="1" passed="1" failed="0" skipped="0">
  <reporter-output>
  </reporter-output>
  <suite started-at="2025-12-14T12:38:24 IST" name="Default suite" finished-at="2025-12-14T12:38:54 IST" duration-ms="29619">
    <groups>
    </groups>
    <test started-at="2025-12-14T12:38:24 IST" name="Default test" finished-at="2025-12-14T12:38:54 IST" duration-ms="29619">
      <class name="demo.Katalon_Recorder_OrangeHRM">
        <test-method is-config="true" signature="setUp()[pri:0, instance:demo.Katalon_Recorder_OrangeHRM@7c37508a]" started-at="2025-12-14T12:38:24 IST" name="setUp" finished-at="2025-12-14T12:38:27 IST" duration-ms="2868" status="PASS">
          <reporter-output>
          </reporter-output>
        </test-method> <!-- setUp -->
        <test-method signature="testUntitledTestCase()[pri:0, instance:demo.Katalon_Recorder_OrangeHRM@7c37508a]" started-at="2025-12-14T12:38:27 IST" name="testUntitledTestCase" finished-at="2025-12-14T12:38:53 IST" duration-ms="26136" status="PASS">
          <reporter-output>
          </reporter-output>
        </test-method> <!-- testUntitledTestCase -->
        <test-method is-config="true" signature="tearDown()[pri:0, instance:demo.Katalon_Recorder_OrangeHRM@7c37508a]" started-at="2025-12-14T12:38:53 IST" name="tearDown" finished-at="2025-12-14T12:38:54 IST" duration-ms="521" status="PASS">
          <reporter-output>
          </reporter-output>
        </test-method> <!-- tearDown -->
      </class> <!-- demo.Katalon_Recorder_OrangeHRM -->
    </test> <!-- Default test -->
  </suite> <!-- Default suite -->
</testng-results>
