<?xml version="1.0" encoding="UTF-8"?>
<!-- Generated by org.testng.reporters.JUnitReportReporter -->
<testsuite hostname="DELL" failures="0" tests="3" name="demo.TestNG_Dependency_Demo" time="0.007" errors="0" timestamp="2025-12-11T21:37:56 IST" skipped="0">
  <testcase classname="demo.TestNG_Dependency_Demo" name="test1" time="0.001"/>
  <testcase classname="demo.TestNG_Dependency_Demo" name="test3" time="0.001"/>
  <testcase classname="demo.TestNG_Dependency_Demo" name="test2" time="0.005"/>
</testsuite> <!-- demo.TestNG_Dependency_Demo -->
