<?xml version="1.0" encoding="UTF-8"?>
<!-- Generated by org.testng.reporters.JUnitReportReporter -->
<testsuite hostname="DELL" failures="0" tests="3" name="demo.TestNGPriorityDemo" time="0.017" errors="0" timestamp="2025-12-10T21:10:20 IST" skipped="0">
  <testcase classname="demo.TestNGPriorityDemo" name="test3" time="0.003"/>
  <testcase classname="demo.TestNGPriorityDemo" name="test2" time="0.011"/>
  <testcase classname="demo.TestNGPriorityDemo" name="test1" time="0.003"/>
</testsuite> <!-- demo.TestNGPriorityDemo -->
