<?xml version="1.0" encoding="UTF-8"?>
<!-- Generated by org.testng.reporters.JUnitReportReporter -->
<testsuite hostname="DELL" failures="0" tests="3" name="demo.TestNG_Ignore_Demo" time="0.009" errors="0" timestamp="2025-12-11T21:44:51 IST" skipped="1">
  <testcase classname="demo.TestNG_Ignore_Demo" name="test2" time="0.007"/>
  <testcase classname="demo.TestNG_Ignore_Demo" name="test3" time="0.002"/>
  <testcase classname="demo.TestNG_Ignore_Demo" name="test1">
    <skipped/>
  </testcase> <!-- test1 -->
</testsuite> <!-- demo.TestNG_Ignore_Demo -->
