<?xml version="1.0" encoding="UTF-8"?>
<!-- Generated by org.testng.reporters.JUnitReportReporter -->
<testsuite hostname="DELL" failures="0" tests="4" name="demo.TestNG_Group_Demo" time="0.009" errors="0" timestamp="2025-12-11T21:32:29 IST" skipped="0">
  <testcase classname="demo.TestNG_Group_Demo" name="test2" time="0.001"/>
  <testcase classname="demo.TestNG_Group_Demo" name="test1" time="0.005"/>
  <testcase classname="demo.TestNG_Group_Demo" name="test4" time="0.002"/>
  <testcase classname="demo.TestNG_Group_Demo" name="test3" time="0.001"/>
</testsuite> <!-- demo.TestNG_Group_Demo -->
