<?xml version="1.0" encoding="UTF-8"?>
<!-- Generated by org.testng.reporters.JUnitReportReporter -->
<testsuite hostname="DELL" failures="0" tests="3" name="utils.ExcelDataProvider" time="13.688" errors="0" timestamp="2025-12-10T11:37:20 IST" skipped="0">
  <testcase classname="utils.ExcelDataProvider" name="test1" time="4.945"/>
  <testcase classname="utils.ExcelDataProvider" name="test1" time="4.643"/>
  <testcase classname="utils.ExcelDataProvider" name="test1" time="4.100"/>
</testsuite> <!-- utils.ExcelDataProvider -->
